<?xml version="1.0" encoding="UTF-8"?>
<testsuite name="Spek" tests="3" skipped="0" failures="0" errors="0" time="2.872" hostname="DEL0394" timestamp="2017-03-27T16:53:14">
<properties>
[...]
</properties>
<testcase name="it returns a 2xx status" classname="describe The root URL is queried" time="1.939">
<system-out><![CDATA[
unique-id: [engine:spek]/[spec:filmData.ApplicationTest]/[group:describe Start]/[group:describe The root URL is queried]/[test:it returns a 2xx status]
display-name: it returns a 2xx status
]]></system-out>
</testcase>
<testcase name="it returns a list of all the films when queried" classname="describe listAllFilms" time="0.612">
<system-out><![CDATA[
unique-id: [engine:spek]/[spec:filmData.ApplicationTest]/[group:describe Start]/[group:describe listAllFilms]/[test:it returns a list of all the films when queried]
display-name: it returns a list of all the films when queried
]]></system-out>
</testcase>
<testcase name="it displays the film information of the film that the user requests" classname="describe view" time="0.309">
<system-out><![CDATA[
unique-id: [engine:spek]/[spec:filmData.ApplicationTest]/[group:describe Start]/[group:describe view]/[test:it displays the film information of the film that the user requests]
display-name: it displays the film information of the film that the user requests
]]></system-out>
</testcase>
<system-out><![CDATA[
unique-id: [engine:spek]
display-name: Spek
]]></system-out>
</testsuite>
